2024-01-05 10:17:10,305 [Worker-5: Loading available Gradle versions] INFO  o.e.b.c.i.u.g.PublishedGradleVersions - Gradle version information cache is up-to-date. Trying to read.
2024-01-05 10:46:59,953 [Worker-6: Launching mavenrun-9f48563b-62ce-4b1b-9f12-8e87b7fe954f] INFO  o.eclipse.m2e.core.internal.Bundles - getClasspathEntries(Bundle=org.eclipse.m2e.maven.runtime_3.8.604.20221130-2149 [605])
2024-01-05 10:46:59,980 [Worker-6: Launching mavenrun-9f48563b-62ce-4b1b-9f12-8e87b7fe954f] INFO  o.eclipse.m2e.core.internal.Bundles - 	Entry: C:\Users\ankit\.p2\pool\plugins\org.eclipse.m2e.maven.runtime_3.8.604.20221130-2149
2024-01-05 10:46:59,981 [Worker-6: Launching mavenrun-9f48563b-62ce-4b1b-9f12-8e87b7fe954f] INFO  o.eclipse.m2e.core.internal.Bundles - 	Entry: C:\Users\ankit\.p2\pool\plugins\org.eclipse.m2e.maven.runtime_3.8.604.20221130-2149\jars\aether-connector-okhttp-0.17.8.jar
2024-01-05 10:46:59,982 [Worker-6: Launching mavenrun-9f48563b-62ce-4b1b-9f12-8e87b7fe954f] INFO  o.eclipse.m2e.core.internal.Bundles - 	Entry: C:\Users\ankit\.p2\pool\plugins\org.eclipse.m2e.maven.runtime_3.8.604.20221130-2149\jars\commons-cli-1.4.jar
2024-01-05 10:46:59,982 [Worker-6: Launching mavenrun-9f48563b-62ce-4b1b-9f12-8e87b7fe954f] INFO  o.eclipse.m2e.core.internal.Bundles - 	Entry: C:\Users\ankit\.p2\pool\plugins\org.eclipse.m2e.maven.runtime_3.8.604.20221130-2149\jars\commons-io-2.6.jar
2024-01-05 10:46:59,983 [Worker-6: Launching mavenrun-9f48563b-62ce-4b1b-9f12-8e87b7fe954f] INFO  o.eclipse.m2e.core.internal.Bundles - 	Entry: C:\Users\ankit\.p2\pool\plugins\org.eclipse.m2e.maven.runtime_3.8.604.20221130-2149\jars\commons-lang3-3.8.1.jar
2024-01-05 10:46:59,983 [Worker-6: Launching mavenrun-9f48563b-62ce-4b1b-9f12-8e87b7fe954f] INFO  o.eclipse.m2e.core.internal.Bundles - 	Entry: C:\Users\ankit\.p2\pool\plugins\org.eclipse.m2e.maven.runtime_3.8.604.20221130-2149\jars\guice-4.2.2-no_aop.jar
2024-01-05 10:46:59,983 [Worker-6: Launching mavenrun-9f48563b-62ce-4b1b-9f12-8e87b7fe954f] INFO  o.eclipse.m2e.core.internal.Bundles - 	Entry: C:\Users\ankit\.p2\pool\plugins\org.eclipse.m2e.maven.runtime_3.8.604.20221130-2149\jars\jansi-2.4.0.jar
2024-01-05 10:46:59,983 [Worker-6: Launching mavenrun-9f48563b-62ce-4b1b-9f12-8e87b7fe954f] INFO  o.eclipse.m2e.core.internal.Bundles - 	Entry: C:\Users\ankit\.p2\pool\plugins\org.eclipse.m2e.maven.runtime_3.8.604.20221130-2149\jars\maven-artifact-3.8.6.jar
2024-01-05 10:46:59,983 [Worker-6: Launching mavenrun-9f48563b-62ce-4b1b-9f12-8e87b7fe954f] INFO  o.eclipse.m2e.core.internal.Bundles - 	Entry: C:\Users\ankit\.p2\pool\plugins\org.eclipse.m2e.maven.runtime_3.8.604.20221130-2149\jars\maven-builder-support-3.8.6.jar
2024-01-05 10:46:59,985 [Worker-6: Launching mavenrun-9f48563b-62ce-4b1b-9f12-8e87b7fe954f] INFO  o.eclipse.m2e.core.internal.Bundles - 	Entry: C:\Users\ankit\.p2\pool\plugins\org.eclipse.m2e.maven.runtime_3.8.604.20221130-2149\jars\maven-compat-3.8.6.jar
2024-01-05 10:46:59,985 [Worker-6: Launching mavenrun-9f48563b-62ce-4b1b-9f12-8e87b7fe954f] INFO  o.eclipse.m2e.core.internal.Bundles - 	Entry: C:\Users\ankit\.p2\pool\plugins\org.eclipse.m2e.maven.runtime_3.8.604.20221130-2149\jars\maven-core-3.8.6.jar
2024-01-05 10:46:59,985 [Worker-6: Launching mavenrun-9f48563b-62ce-4b1b-9f12-8e87b7fe954f] INFO  o.eclipse.m2e.core.internal.Bundles - 	Entry: C:\Users\ankit\.p2\pool\plugins\org.eclipse.m2e.maven.runtime_3.8.604.20221130-2149\jars\maven-embedder-3.8.6.jar
2024-01-05 10:46:59,985 [Worker-6: Launching mavenrun-9f48563b-62ce-4b1b-9f12-8e87b7fe954f] INFO  o.eclipse.m2e.core.internal.Bundles - 	Entry: C:\Users\ankit\.p2\pool\plugins\org.eclipse.m2e.maven.runtime_3.8.604.20221130-2149\jars\maven-model-3.8.6.jar
2024-01-05 10:46:59,986 [Worker-6: Launching mavenrun-9f48563b-62ce-4b1b-9f12-8e87b7fe954f] INFO  o.eclipse.m2e.core.internal.Bundles - 	Entry: C:\Users\ankit\.p2\pool\plugins\org.eclipse.m2e.maven.runtime_3.8.604.20221130-2149\jars\maven-model-builder-3.8.6.jar
2024-01-05 10:46:59,986 [Worker-6: Launching mavenrun-9f48563b-62ce-4b1b-9f12-8e87b7fe954f] INFO  o.eclipse.m2e.core.internal.Bundles - 	Entry: C:\Users\ankit\.p2\pool\plugins\org.eclipse.m2e.maven.runtime_3.8.604.20221130-2149\jars\maven-plugin-api-3.8.6.jar
2024-01-05 10:46:59,986 [Worker-6: Launching mavenrun-9f48563b-62ce-4b1b-9f12-8e87b7fe954f] INFO  o.eclipse.m2e.core.internal.Bundles - 	Entry: C:\Users\ankit\.p2\pool\plugins\org.eclipse.m2e.maven.runtime_3.8.604.20221130-2149\jars\maven-repository-metadata-3.8.6.jar
2024-01-05 10:46:59,987 [Worker-6: Launching mavenrun-9f48563b-62ce-4b1b-9f12-8e87b7fe954f] INFO  o.eclipse.m2e.core.internal.Bundles - 	Entry: C:\Users\ankit\.p2\pool\plugins\org.eclipse.m2e.maven.runtime_3.8.604.20221130-2149\jars\maven-resolver-api-1.6.3.jar
2024-01-05 10:46:59,987 [Worker-6: Launching mavenrun-9f48563b-62ce-4b1b-9f12-8e87b7fe954f] INFO  o.eclipse.m2e.core.internal.Bundles - 	Entry: C:\Users\ankit\.p2\pool\plugins\org.eclipse.m2e.maven.runtime_3.8.604.20221130-2149\jars\maven-resolver-connector-basic-1.6.3.jar
2024-01-05 10:46:59,987 [Worker-6: Launching mavenrun-9f48563b-62ce-4b1b-9f12-8e87b7fe954f] INFO  o.eclipse.m2e.core.internal.Bundles - 	Entry: C:\Users\ankit\.p2\pool\plugins\org.eclipse.m2e.maven.runtime_3.8.604.20221130-2149\jars\maven-resolver-impl-1.6.3.jar
2024-01-05 10:46:59,987 [Worker-6: Launching mavenrun-9f48563b-62ce-4b1b-9f12-8e87b7fe954f] INFO  o.eclipse.m2e.core.internal.Bundles - 	Entry: C:\Users\ankit\.p2\pool\plugins\org.eclipse.m2e.maven.runtime_3.8.604.20221130-2149\jars\maven-resolver-provider-3.8.6.jar
2024-01-05 10:46:59,988 [Worker-6: Launching mavenrun-9f48563b-62ce-4b1b-9f12-8e87b7fe954f] INFO  o.eclipse.m2e.core.internal.Bundles - 	Entry: C:\Users\ankit\.p2\pool\plugins\org.eclipse.m2e.maven.runtime_3.8.604.20221130-2149\jars\maven-resolver-spi-1.6.3.jar
2024-01-05 10:46:59,988 [Worker-6: Launching mavenrun-9f48563b-62ce-4b1b-9f12-8e87b7fe954f] INFO  o.eclipse.m2e.core.internal.Bundles - 	Entry: C:\Users\ankit\.p2\pool\plugins\org.eclipse.m2e.maven.runtime_3.8.604.20221130-2149\jars\maven-resolver-transport-wagon-1.6.3.jar
2024-01-05 10:46:59,988 [Worker-6: Launching mavenrun-9f48563b-62ce-4b1b-9f12-8e87b7fe954f] INFO  o.eclipse.m2e.core.internal.Bundles - 	Entry: C:\Users\ankit\.p2\pool\plugins\org.eclipse.m2e.maven.runtime_3.8.604.20221130-2149\jars\maven-resolver-util-1.6.3.jar
2024-01-05 10:46:59,988 [Worker-6: Launching mavenrun-9f48563b-62ce-4b1b-9f12-8e87b7fe954f] INFO  o.eclipse.m2e.core.internal.Bundles - 	Entry: C:\Users\ankit\.p2\pool\plugins\org.eclipse.m2e.maven.runtime_3.8.604.20221130-2149\jars\maven-settings-3.8.6.jar
2024-01-05 10:46:59,988 [Worker-6: Launching mavenrun-9f48563b-62ce-4b1b-9f12-8e87b7fe954f] INFO  o.eclipse.m2e.core.internal.Bundles - 	Entry: C:\Users\ankit\.p2\pool\plugins\org.eclipse.m2e.maven.runtime_3.8.604.20221130-2149\jars\maven-settings-builder-3.8.6.jar
2024-01-05 10:46:59,989 [Worker-6: Launching mavenrun-9f48563b-62ce-4b1b-9f12-8e87b7fe954f] INFO  o.eclipse.m2e.core.internal.Bundles - 	Entry: C:\Users\ankit\.p2\pool\plugins\org.eclipse.m2e.maven.runtime_3.8.604.20221130-2149\jars\maven-shared-utils-3.3.4.jar
2024-01-05 10:46:59,989 [Worker-6: Launching mavenrun-9f48563b-62ce-4b1b-9f12-8e87b7fe954f] INFO  o.eclipse.m2e.core.internal.Bundles - 	Entry: C:\Users\ankit\.p2\pool\plugins\org.eclipse.m2e.maven.runtime_3.8.604.20221130-2149\jars\okhttp-3.14.1.jar
2024-01-05 10:46:59,990 [Worker-6: Launching mavenrun-9f48563b-62ce-4b1b-9f12-8e87b7fe954f] INFO  o.eclipse.m2e.core.internal.Bundles - 	Entry: C:\Users\ankit\.p2\pool\plugins\org.eclipse.m2e.maven.runtime_3.8.604.20221130-2149\jars\okio-1.17.3.jar
2024-01-05 10:46:59,990 [Worker-6: Launching mavenrun-9f48563b-62ce-4b1b-9f12-8e87b7fe954f] INFO  o.eclipse.m2e.core.internal.Bundles - 	Entry: C:\Users\ankit\.p2\pool\plugins\org.eclipse.m2e.maven.runtime_3.8.604.20221130-2149\jars\org.eclipse.sisu.inject-0.3.5.jar
2024-01-05 10:46:59,991 [Worker-6: Launching mavenrun-9f48563b-62ce-4b1b-9f12-8e87b7fe954f] INFO  o.eclipse.m2e.core.internal.Bundles - 	Entry: C:\Users\ankit\.p2\pool\plugins\org.eclipse.m2e.maven.runtime_3.8.604.20221130-2149\jars\org.eclipse.sisu.plexus-0.3.5.jar
2024-01-05 10:46:59,992 [Worker-6: Launching mavenrun-9f48563b-62ce-4b1b-9f12-8e87b7fe954f] INFO  o.eclipse.m2e.core.internal.Bundles - 	Entry: C:\Users\ankit\.p2\pool\plugins\org.eclipse.m2e.maven.runtime_3.8.604.20221130-2149\jars\plexus-build-api-0.0.7.jar
2024-01-05 10:46:59,993 [Worker-6: Launching mavenrun-9f48563b-62ce-4b1b-9f12-8e87b7fe954f] INFO  o.eclipse.m2e.core.internal.Bundles - 	Entry: C:\Users\ankit\.p2\pool\plugins\org.eclipse.m2e.maven.runtime_3.8.604.20221130-2149\jars\plexus-cipher-2.0.jar
2024-01-05 10:46:59,994 [Worker-6: Launching mavenrun-9f48563b-62ce-4b1b-9f12-8e87b7fe954f] INFO  o.eclipse.m2e.core.internal.Bundles - 	Entry: C:\Users\ankit\.p2\pool\plugins\org.eclipse.m2e.maven.runtime_3.8.604.20221130-2149\jars\plexus-classworlds-2.6.0.jar
2024-01-05 10:46:59,995 [Worker-6: Launching mavenrun-9f48563b-62ce-4b1b-9f12-8e87b7fe954f] INFO  o.eclipse.m2e.core.internal.Bundles - 	Entry: C:\Users\ankit\.p2\pool\plugins\org.eclipse.m2e.maven.runtime_3.8.604.20221130-2149\jars\plexus-component-annotations-2.1.0.jar
2024-01-05 10:46:59,995 [Worker-6: Launching mavenrun-9f48563b-62ce-4b1b-9f12-8e87b7fe954f] INFO  o.eclipse.m2e.core.internal.Bundles - 	Entry: C:\Users\ankit\.p2\pool\plugins\org.eclipse.m2e.maven.runtime_3.8.604.20221130-2149\jars\plexus-interpolation-1.26.jar
2024-01-05 10:46:59,996 [Worker-6: Launching mavenrun-9f48563b-62ce-4b1b-9f12-8e87b7fe954f] INFO  o.eclipse.m2e.core.internal.Bundles - 	Entry: C:\Users\ankit\.p2\pool\plugins\org.eclipse.m2e.maven.runtime_3.8.604.20221130-2149\jars\plexus-sec-dispatcher-2.0.jar
2024-01-05 10:46:59,996 [Worker-6: Launching mavenrun-9f48563b-62ce-4b1b-9f12-8e87b7fe954f] INFO  o.eclipse.m2e.core.internal.Bundles - 	Entry: C:\Users\ankit\.p2\pool\plugins\org.eclipse.m2e.maven.runtime_3.8.604.20221130-2149\jars\plexus-utils-3.3.1.jar
2024-01-05 10:46:59,997 [Worker-6: Launching mavenrun-9f48563b-62ce-4b1b-9f12-8e87b7fe954f] INFO  o.eclipse.m2e.core.internal.Bundles - 	Entry: C:\Users\ankit\.p2\pool\plugins\org.eclipse.m2e.maven.runtime_3.8.604.20221130-2149\jars\wagon-file-3.5.1.jar
2024-01-05 10:46:59,997 [Worker-6: Launching mavenrun-9f48563b-62ce-4b1b-9f12-8e87b7fe954f] INFO  o.eclipse.m2e.core.internal.Bundles - 	Entry: C:\Users\ankit\.p2\pool\plugins\org.eclipse.m2e.maven.runtime_3.8.604.20221130-2149\jars\wagon-provider-api-3.5.1.jar
2024-01-05 10:47:00,000 [Worker-6: Launching mavenrun-9f48563b-62ce-4b1b-9f12-8e87b7fe954f] INFO  o.eclipse.m2e.core.internal.Bundles - getClasspathEntries(Bundle=com.google.guava_30.1.0.v20221112-0806 [10])
2024-01-05 10:47:00,004 [Worker-6: Launching mavenrun-9f48563b-62ce-4b1b-9f12-8e87b7fe954f] INFO  o.eclipse.m2e.core.internal.Bundles - 	Entry: C:\Users\ankit\.p2\pool\plugins\com.google.guava_30.1.0.v20221112-0806.jar
2024-01-05 10:47:00,004 [Worker-6: Launching mavenrun-9f48563b-62ce-4b1b-9f12-8e87b7fe954f] INFO  o.eclipse.m2e.core.internal.Bundles - getClasspathEntries(Bundle=slf4j.api_1.7.36 [917])
2024-01-05 10:47:00,006 [Worker-6: Launching mavenrun-9f48563b-62ce-4b1b-9f12-8e87b7fe954f] INFO  o.eclipse.m2e.core.internal.Bundles - 	Entry: C:\Users\ankit\.p2\pool\plugins\slf4j.api_1.7.36.jar
2024-01-05 10:47:00,006 [Worker-6: Launching mavenrun-9f48563b-62ce-4b1b-9f12-8e87b7fe954f] INFO  o.eclipse.m2e.core.internal.Bundles - getClasspathEntries(Bundle=javax.inject_1.0.0.v20220405-0441 [32])
2024-01-05 10:47:00,007 [Worker-6: Launching mavenrun-9f48563b-62ce-4b1b-9f12-8e87b7fe954f] INFO  o.eclipse.m2e.core.internal.Bundles - 	Entry: C:\Users\ankit\.p2\pool\plugins\javax.inject_1.0.0.v20220405-0441.jar
2024-01-05 10:47:00,008 [Worker-6: Launching mavenrun-9f48563b-62ce-4b1b-9f12-8e87b7fe954f] INFO  o.eclipse.m2e.core.internal.Bundles - getClasspathEntries(Bundle=javax.annotation_1.3.5.v20221112-0806 [30])
2024-01-05 10:47:00,011 [Worker-6: Launching mavenrun-9f48563b-62ce-4b1b-9f12-8e87b7fe954f] INFO  o.eclipse.m2e.core.internal.Bundles - 	Entry: C:\Users\ankit\.p2\pool\plugins\javax.annotation_1.3.5.v20221112-0806.jar
2024-01-05 10:47:00,028 [Worker-6: Launching mavenrun-9f48563b-62ce-4b1b-9f12-8e87b7fe954f] INFO  o.e.m.i.launch.MavenLaunchDelegate - Run build in "C:\Users\ankit\AppData\Local\Temp\m2e-archetypeGenerator7137191526373394810":
2024-01-05 10:47:00,036 [Worker-6: Launching mavenrun-9f48563b-62ce-4b1b-9f12-8e87b7fe954f] INFO  o.e.m.i.launch.MavenLaunchDelegate -  mvn  -DarchetypeGroupId=org.apache.maven.archetypes -DarchetypeArtifactId=maven-archetype-quickstart -DarchetypeVersion=1.1 -DgroupId=com.springcore -DartifactId=SetterInjection -Dversion=0.0.1-SNAPSHOT -Dpackage=com.springcore -DoutputDirectory="D:\JAVA\Spring(durgesh coding)" -Dstyle.color=always -U archetype:generate
2024-01-05 10:47:19,310 [Worker-19: Creating maven-archetype-quickstart] INFO  o.e.m.c.i.p.ProjectConfigurationManager - Collecting project info '/pom.xml' D:\JAVA\Spring(durgesh coding)\SetterInjection\pom.xml
2024-01-05 10:47:22,912 [Worker-19: Creating maven-archetype-quickstart] INFO  o.e.m.c.i.l.LifecycleMappingFactory - Using org.eclipse.m2e.jdt.JarLifecycleMapping lifecycle mapping for MavenProject: com.springcore:SetterInjection:0.0.1-SNAPSHOT @ D:\JAVA\Spring(durgesh coding)\SetterInjection\pom.xml.
2024-01-05 10:47:23,592 [Worker-19: Creating maven-archetype-quickstart] INFO  o.e.m.j.i.AbstractJavaProjectConfigurator - Adding source folder /SetterInjection/src/main/java
2024-01-05 10:47:23,646 [Worker-19: Creating maven-archetype-quickstart] INFO  o.e.m.j.i.AbstractJavaProjectConfigurator - Adding source folder /SetterInjection/src/test/java
2024-01-05 10:47:23,845 [Worker-19: Creating maven-archetype-quickstart] INFO  o.e.m.c.i.p.ProjectConfigurationManager - Imported and configured 1 project(s) in 4 sec
2024-01-05 10:47:25,160 [Worker-23: Building] INFO  o.e.m.c.i.embedder.EclipseLogger - Using 'UTF-8' encoding to copy filtered resources.
2024-01-05 10:47:25,161 [Worker-23: Building] INFO  o.e.m.c.i.embedder.EclipseLogger - skip non existing resourceDirectory D:\JAVA\Spring(durgesh coding)\SetterInjection\src\main\resources
2024-01-05 10:47:25,165 [Worker-23: Building] INFO  o.e.m.c.i.embedder.EclipseLogger - Using 'UTF-8' encoding to copy filtered resources.
2024-01-05 10:47:25,166 [Worker-23: Building] INFO  o.e.m.c.i.embedder.EclipseLogger - skip non existing resourceDirectory D:\JAVA\Spring(durgesh coding)\SetterInjection\src\test\resources
2024-01-05 10:53:22,504 [Worker-27: Building] INFO  o.e.m.c.i.embedder.EclipseLogger - Using 'UTF-8' encoding to copy filtered resources.
2024-01-05 10:53:22,505 [Worker-27: Building] INFO  o.e.m.c.i.embedder.EclipseLogger - skip non existing resourceDirectory D:\JAVA\Spring(durgesh coding)\SetterInjection\src\main\resources
2024-01-05 10:53:22,509 [Worker-27: Building] INFO  o.e.m.c.i.embedder.EclipseLogger - Using 'UTF-8' encoding to copy filtered resources.
2024-01-05 10:53:22,510 [Worker-27: Building] INFO  o.e.m.c.i.embedder.EclipseLogger - skip non existing resourceDirectory D:\JAVA\Spring(durgesh coding)\SetterInjection\src\test\resources
2024-01-05 10:53:56,130 [Worker-29: Building] INFO  o.e.m.c.i.embedder.EclipseLogger - Using 'UTF-8' encoding to copy filtered resources.
2024-01-05 10:53:56,130 [Worker-29: Building] INFO  o.e.m.c.i.embedder.EclipseLogger - skip non existing resourceDirectory D:\JAVA\Spring(durgesh coding)\SetterInjection\src\main\resources
2024-01-05 10:53:56,136 [Worker-29: Building] INFO  o.e.m.c.i.embedder.EclipseLogger - Using 'UTF-8' encoding to copy filtered resources.
2024-01-05 10:53:56,136 [Worker-29: Building] INFO  o.e.m.c.i.embedder.EclipseLogger - skip non existing resourceDirectory D:\JAVA\Spring(durgesh coding)\SetterInjection\src\test\resources
2024-01-05 10:54:52,670 [Worker-19: Building] INFO  o.e.m.c.i.embedder.EclipseLogger - Using 'UTF-8' encoding to copy filtered resources.
2024-01-05 10:54:52,670 [Worker-19: Building] INFO  o.e.m.c.i.embedder.EclipseLogger - skip non existing resourceDirectory D:\JAVA\Spring(durgesh coding)\SetterInjection\src\main\resources
2024-01-05 10:54:52,674 [Worker-19: Building] INFO  o.e.m.c.i.embedder.EclipseLogger - Using 'UTF-8' encoding to copy filtered resources.
2024-01-05 10:54:52,675 [Worker-19: Building] INFO  o.e.m.c.i.embedder.EclipseLogger - skip non existing resourceDirectory D:\JAVA\Spring(durgesh coding)\SetterInjection\src\test\resources
2024-01-05 10:55:01,388 [Worker-26: Building] INFO  o.e.m.c.i.embedder.EclipseLogger - Using 'UTF-8' encoding to copy filtered resources.
2024-01-05 10:55:01,388 [Worker-26: Building] INFO  o.e.m.c.i.embedder.EclipseLogger - skip non existing resourceDirectory D:\JAVA\Spring(durgesh coding)\SetterInjection\src\main\resources
2024-01-05 10:55:01,392 [Worker-26: Building] INFO  o.e.m.c.i.embedder.EclipseLogger - Using 'UTF-8' encoding to copy filtered resources.
2024-01-05 10:55:01,392 [Worker-26: Building] INFO  o.e.m.c.i.embedder.EclipseLogger - skip non existing resourceDirectory D:\JAVA\Spring(durgesh coding)\SetterInjection\src\test\resources
2024-01-05 10:55:33,323 [Worker-28: Building] INFO  o.e.m.c.i.embedder.EclipseLogger - Using 'UTF-8' encoding to copy filtered resources.
2024-01-05 10:55:33,323 [Worker-28: Building] INFO  o.e.m.c.i.embedder.EclipseLogger - skip non existing resourceDirectory D:\JAVA\Spring(durgesh coding)\SetterInjection\src\main\resources
2024-01-05 10:55:33,327 [Worker-28: Building] INFO  o.e.m.c.i.embedder.EclipseLogger - Using 'UTF-8' encoding to copy filtered resources.
2024-01-05 10:55:33,327 [Worker-28: Building] INFO  o.e.m.c.i.embedder.EclipseLogger - skip non existing resourceDirectory D:\JAVA\Spring(durgesh coding)\SetterInjection\src\test\resources
2024-01-05 11:05:02,529 [Worker-36: Building] INFO  o.e.m.c.i.embedder.EclipseLogger - Using 'UTF-8' encoding to copy filtered resources.
2024-01-05 11:05:02,529 [Worker-36: Building] INFO  o.e.m.c.i.embedder.EclipseLogger - skip non existing resourceDirectory D:\JAVA\Spring(durgesh coding)\SetterInjection\src\main\resources
2024-01-05 11:05:02,531 [Worker-36: Building] INFO  o.e.m.c.i.embedder.EclipseLogger - Using 'UTF-8' encoding to copy filtered resources.
2024-01-05 11:05:02,532 [Worker-36: Building] INFO  o.e.m.c.i.embedder.EclipseLogger - skip non existing resourceDirectory D:\JAVA\Spring(durgesh coding)\SetterInjection\src\test\resources
2024-01-05 11:08:16,890 [Worker-38: Building] INFO  o.e.m.c.i.embedder.EclipseLogger - Using 'UTF-8' encoding to copy filtered resources.
2024-01-05 11:08:16,891 [Worker-38: Building] INFO  o.e.m.c.i.embedder.EclipseLogger - skip non existing resourceDirectory D:\JAVA\Spring(durgesh coding)\SetterInjection\src\main\resources
2024-01-05 11:08:16,895 [Worker-38: Building] INFO  o.e.m.c.i.embedder.EclipseLogger - Using 'UTF-8' encoding to copy filtered resources.
2024-01-05 11:08:16,896 [Worker-38: Building] INFO  o.e.m.c.i.embedder.EclipseLogger - skip non existing resourceDirectory D:\JAVA\Spring(durgesh coding)\SetterInjection\src\test\resources
2024-01-05 11:10:43,275 [Worker-36: Building] INFO  o.e.m.c.i.l.LifecycleMappingFactory - Using org.eclipse.m2e.jdt.JarLifecycleMapping lifecycle mapping for MavenProject: com.springcore:SetterInjection:0.0.1-SNAPSHOT @ D:\JAVA\Spring(durgesh coding)\SetterInjection\pom.xml.
2024-01-05 11:10:43,714 [Worker-36: Building] INFO  o.e.m.c.i.embedder.EclipseLogger - Using 'UTF-8' encoding to copy filtered resources.
2024-01-05 11:10:43,715 [Worker-36: Building] INFO  o.e.m.c.i.embedder.EclipseLogger - skip non existing resourceDirectory D:\JAVA\Spring(durgesh coding)\SetterInjection\src\main\resources
2024-01-05 11:10:43,720 [Worker-36: Building] INFO  o.e.m.c.i.embedder.EclipseLogger - Using 'UTF-8' encoding to copy filtered resources.
2024-01-05 11:10:43,721 [Worker-36: Building] INFO  o.e.m.c.i.embedder.EclipseLogger - skip non existing resourceDirectory D:\JAVA\Spring(durgesh coding)\SetterInjection\src\test\resources
2024-01-05 11:10:44,500 [Worker-35: Download sources and javadoc] INFO  o.e.m.c.i.e.AbstractTransferListenerAdapter - Downloading https://repo.maven.apache.org/maven2/org/springframework/spring-core/6.0.9/spring-core-6.0.9-sources.jar
2024-01-05 11:10:44,866 [Worker-35: Download sources and javadoc] INFO  o.e.m.c.i.e.AbstractTransferListenerAdapter - Downloaded https://repo.maven.apache.org/maven2/org/springframework/spring-core/6.0.9/spring-core-6.0.9-sources.jar
2024-01-05 11:10:44,932 [Worker-35: Download sources and javadoc] INFO  o.e.m.j.internal.DownloadSourcesJob - Downloaded sources for org.springframework:spring-core:6.0.9
2024-01-05 11:10:44,979 [Worker-35: Download sources and javadoc] INFO  o.e.m.c.i.e.AbstractTransferListenerAdapter - Downloading https://repo.maven.apache.org/maven2/org/springframework/spring-jcl/6.0.9/spring-jcl-6.0.9-sources.jar
2024-01-05 11:10:45,080 [Worker-39: Building] INFO  o.e.m.c.i.embedder.EclipseLogger - Using 'UTF-8' encoding to copy filtered resources.
2024-01-05 11:10:45,081 [Worker-39: Building] INFO  o.e.m.c.i.embedder.EclipseLogger - skip non existing resourceDirectory D:\JAVA\Spring(durgesh coding)\SetterInjection\src\main\resources
2024-01-05 11:10:45,084 [Worker-39: Building] INFO  o.e.m.c.i.embedder.EclipseLogger - Using 'UTF-8' encoding to copy filtered resources.
2024-01-05 11:10:45,084 [Worker-39: Building] INFO  o.e.m.c.i.embedder.EclipseLogger - skip non existing resourceDirectory D:\JAVA\Spring(durgesh coding)\SetterInjection\src\test\resources
2024-01-05 11:10:45,187 [Worker-35: Download sources and javadoc] INFO  o.e.m.c.i.e.AbstractTransferListenerAdapter - Downloaded https://repo.maven.apache.org/maven2/org/springframework/spring-jcl/6.0.9/spring-jcl-6.0.9-sources.jar
2024-01-05 11:10:45,191 [Worker-35: Download sources and javadoc] INFO  o.e.m.j.internal.DownloadSourcesJob - Downloaded sources for org.springframework:spring-jcl:6.0.9
2024-01-05 11:10:45,235 [Worker-35: Download sources and javadoc] INFO  o.e.m.c.i.e.AbstractTransferListenerAdapter - Downloading https://repo.maven.apache.org/maven2/org/springframework/spring-context/6.0.9/spring-context-6.0.9-sources.jar
2024-01-05 11:10:45,494 [Worker-35: Download sources and javadoc] INFO  o.e.m.c.i.e.AbstractTransferListenerAdapter - Downloaded https://repo.maven.apache.org/maven2/org/springframework/spring-context/6.0.9/spring-context-6.0.9-sources.jar
2024-01-05 11:10:45,499 [Worker-35: Download sources and javadoc] INFO  o.e.m.j.internal.DownloadSourcesJob - Downloaded sources for org.springframework:spring-context:6.0.9
2024-01-05 11:10:45,539 [Worker-35: Download sources and javadoc] INFO  o.e.m.c.i.e.AbstractTransferListenerAdapter - Downloading https://repo.maven.apache.org/maven2/org/springframework/spring-aop/6.0.9/spring-aop-6.0.9-sources.jar
2024-01-05 11:10:45,633 [Worker-35: Download sources and javadoc] INFO  o.e.m.c.i.e.AbstractTransferListenerAdapter - Downloaded https://repo.maven.apache.org/maven2/org/springframework/spring-aop/6.0.9/spring-aop-6.0.9-sources.jar
2024-01-05 11:10:45,640 [Worker-35: Download sources and javadoc] INFO  o.e.m.j.internal.DownloadSourcesJob - Downloaded sources for org.springframework:spring-aop:6.0.9
2024-01-05 11:10:45,686 [Worker-35: Download sources and javadoc] INFO  o.e.m.c.i.e.AbstractTransferListenerAdapter - Downloading https://repo.maven.apache.org/maven2/org/springframework/spring-beans/6.0.9/spring-beans-6.0.9-sources.jar
2024-01-05 11:10:45,814 [Worker-35: Download sources and javadoc] INFO  o.e.m.c.i.e.AbstractTransferListenerAdapter - Downloaded https://repo.maven.apache.org/maven2/org/springframework/spring-beans/6.0.9/spring-beans-6.0.9-sources.jar
2024-01-05 11:10:45,818 [Worker-35: Download sources and javadoc] INFO  o.e.m.j.internal.DownloadSourcesJob - Downloaded sources for org.springframework:spring-beans:6.0.9
2024-01-05 11:10:45,865 [Worker-35: Download sources and javadoc] INFO  o.e.m.c.i.e.AbstractTransferListenerAdapter - Downloading https://repo.maven.apache.org/maven2/org/springframework/spring-expression/6.0.9/spring-expression-6.0.9-sources.jar
2024-01-05 11:10:45,934 [Worker-35: Download sources and javadoc] INFO  o.e.m.c.i.e.AbstractTransferListenerAdapter - Downloaded https://repo.maven.apache.org/maven2/org/springframework/spring-expression/6.0.9/spring-expression-6.0.9-sources.jar
2024-01-05 11:10:45,939 [Worker-35: Download sources and javadoc] INFO  o.e.m.j.internal.DownloadSourcesJob - Downloaded sources for org.springframework:spring-expression:6.0.9
2024-01-05 11:10:46,125 [Worker-39: Building] INFO  o.e.m.c.i.embedder.EclipseLogger - Using 'UTF-8' encoding to copy filtered resources.
2024-01-05 11:10:46,125 [Worker-39: Building] INFO  o.e.m.c.i.embedder.EclipseLogger - skip non existing resourceDirectory D:\JAVA\Spring(durgesh coding)\SetterInjection\src\main\resources
2024-01-05 11:10:46,128 [Worker-39: Building] INFO  o.e.m.c.i.embedder.EclipseLogger - Using 'UTF-8' encoding to copy filtered resources.
2024-01-05 11:10:46,128 [Worker-39: Building] INFO  o.e.m.c.i.embedder.EclipseLogger - skip non existing resourceDirectory D:\JAVA\Spring(durgesh coding)\SetterInjection\src\test\resources
2024-01-05 11:12:35,490 [Worker-35: Building] INFO  o.e.m.c.i.embedder.EclipseLogger - Using 'UTF-8' encoding to copy filtered resources.
2024-01-05 11:12:35,490 [Worker-35: Building] INFO  o.e.m.c.i.embedder.EclipseLogger - skip non existing resourceDirectory D:\JAVA\Spring(durgesh coding)\SetterInjection\src\main\resources
2024-01-05 11:12:35,493 [Worker-35: Building] INFO  o.e.m.c.i.embedder.EclipseLogger - Using 'UTF-8' encoding to copy filtered resources.
2024-01-05 11:12:35,494 [Worker-35: Building] INFO  o.e.m.c.i.embedder.EclipseLogger - skip non existing resourceDirectory D:\JAVA\Spring(durgesh coding)\SetterInjection\src\test\resources
2024-01-05 11:13:45,944 [Worker-39: Building] INFO  o.e.m.c.i.embedder.EclipseLogger - Using 'UTF-8' encoding to copy filtered resources.
2024-01-05 11:13:45,945 [Worker-39: Building] INFO  o.e.m.c.i.embedder.EclipseLogger - skip non existing resourceDirectory D:\JAVA\Spring(durgesh coding)\SetterInjection\src\main\resources
2024-01-05 11:13:45,950 [Worker-39: Building] INFO  o.e.m.c.i.embedder.EclipseLogger - Using 'UTF-8' encoding to copy filtered resources.
2024-01-05 11:13:45,950 [Worker-39: Building] INFO  o.e.m.c.i.embedder.EclipseLogger - skip non existing resourceDirectory D:\JAVA\Spring(durgesh coding)\SetterInjection\src\test\resources
2024-01-05 11:13:59,453 [Worker-34: Building] INFO  o.e.m.c.i.embedder.EclipseLogger - Using 'UTF-8' encoding to copy filtered resources.
2024-01-05 11:13:59,453 [Worker-34: Building] INFO  o.e.m.c.i.embedder.EclipseLogger - skip non existing resourceDirectory D:\JAVA\Spring(durgesh coding)\SetterInjection\src\main\resources
2024-01-05 11:13:59,457 [Worker-34: Building] INFO  o.e.m.c.i.embedder.EclipseLogger - Using 'UTF-8' encoding to copy filtered resources.
2024-01-05 11:13:59,457 [Worker-34: Building] INFO  o.e.m.c.i.embedder.EclipseLogger - skip non existing resourceDirectory D:\JAVA\Spring(durgesh coding)\SetterInjection\src\test\resources
2024-01-05 11:15:11,947 [Worker-37: Building] INFO  o.e.m.c.i.embedder.EclipseLogger - Using 'UTF-8' encoding to copy filtered resources.
2024-01-05 11:15:11,947 [Worker-37: Building] INFO  o.e.m.c.i.embedder.EclipseLogger - skip non existing resourceDirectory D:\JAVA\Spring(durgesh coding)\SetterInjection\src\main\resources
2024-01-05 11:15:11,950 [Worker-37: Building] INFO  o.e.m.c.i.embedder.EclipseLogger - Using 'UTF-8' encoding to copy filtered resources.
2024-01-05 11:15:11,951 [Worker-37: Building] INFO  o.e.m.c.i.embedder.EclipseLogger - skip non existing resourceDirectory D:\JAVA\Spring(durgesh coding)\SetterInjection\src\test\resources
2024-01-05 11:51:32,209 [Worker-40: Building] INFO  o.e.m.c.i.embedder.EclipseLogger - Using 'UTF-8' encoding to copy filtered resources.
2024-01-05 11:51:32,209 [Worker-40: Building] INFO  o.e.m.c.i.embedder.EclipseLogger - skip non existing resourceDirectory D:\JAVA\Spring(durgesh coding)\SetterInjection\src\main\resources
2024-01-05 11:51:32,214 [Worker-40: Building] INFO  o.e.m.c.i.embedder.EclipseLogger - Using 'UTF-8' encoding to copy filtered resources.
2024-01-05 11:51:32,215 [Worker-40: Building] INFO  o.e.m.c.i.embedder.EclipseLogger - skip non existing resourceDirectory D:\JAVA\Spring(durgesh coding)\SetterInjection\src\test\resources
2024-01-05 11:52:20,977 [Worker-39: Building] INFO  o.e.m.c.i.embedder.EclipseLogger - Using 'UTF-8' encoding to copy filtered resources.
2024-01-05 11:52:20,977 [Worker-39: Building] INFO  o.e.m.c.i.embedder.EclipseLogger - skip non existing resourceDirectory D:\JAVA\Spring(durgesh coding)\SetterInjection\src\main\resources
2024-01-05 11:52:20,982 [Worker-39: Building] INFO  o.e.m.c.i.embedder.EclipseLogger - Using 'UTF-8' encoding to copy filtered resources.
2024-01-05 11:52:20,982 [Worker-39: Building] INFO  o.e.m.c.i.embedder.EclipseLogger - skip non existing resourceDirectory D:\JAVA\Spring(durgesh coding)\SetterInjection\src\test\resources
2024-01-05 11:52:29,691 [Worker-40: Building] INFO  o.e.m.c.i.embedder.EclipseLogger - Using 'UTF-8' encoding to copy filtered resources.
2024-01-05 11:52:29,691 [Worker-40: Building] INFO  o.e.m.c.i.embedder.EclipseLogger - skip non existing resourceDirectory D:\JAVA\Spring(durgesh coding)\SetterInjection\src\main\resources
2024-01-05 11:52:29,694 [Worker-40: Building] INFO  o.e.m.c.i.embedder.EclipseLogger - Using 'UTF-8' encoding to copy filtered resources.
2024-01-05 11:52:29,695 [Worker-40: Building] INFO  o.e.m.c.i.embedder.EclipseLogger - skip non existing resourceDirectory D:\JAVA\Spring(durgesh coding)\SetterInjection\src\test\resources
2024-01-05 11:52:51,046 [Worker-40: Building] INFO  o.e.m.c.i.embedder.EclipseLogger - Using 'UTF-8' encoding to copy filtered resources.
2024-01-05 11:52:51,047 [Worker-40: Building] INFO  o.e.m.c.i.embedder.EclipseLogger - skip non existing resourceDirectory D:\JAVA\Spring(durgesh coding)\SetterInjection\src\main\resources
2024-01-05 11:52:51,050 [Worker-40: Building] INFO  o.e.m.c.i.embedder.EclipseLogger - Using 'UTF-8' encoding to copy filtered resources.
2024-01-05 11:52:51,050 [Worker-40: Building] INFO  o.e.m.c.i.embedder.EclipseLogger - skip non existing resourceDirectory D:\JAVA\Spring(durgesh coding)\SetterInjection\src\test\resources
2024-01-05 11:53:12,618 [Worker-37: Building] INFO  o.e.m.c.i.embedder.EclipseLogger - Using 'UTF-8' encoding to copy filtered resources.
2024-01-05 11:53:12,618 [Worker-37: Building] INFO  o.e.m.c.i.embedder.EclipseLogger - skip non existing resourceDirectory D:\JAVA\Spring(durgesh coding)\SetterInjection\src\main\resources
2024-01-05 11:53:12,621 [Worker-37: Building] INFO  o.e.m.c.i.embedder.EclipseLogger - Using 'UTF-8' encoding to copy filtered resources.
2024-01-05 11:53:12,621 [Worker-37: Building] INFO  o.e.m.c.i.embedder.EclipseLogger - skip non existing resourceDirectory D:\JAVA\Spring(durgesh coding)\SetterInjection\src\test\resources
2024-01-05 11:55:28,296 [Worker-37: Building] INFO  o.e.m.c.i.embedder.EclipseLogger - Using 'UTF-8' encoding to copy filtered resources.
2024-01-05 11:55:28,296 [Worker-37: Building] INFO  o.e.m.c.i.embedder.EclipseLogger - skip non existing resourceDirectory D:\JAVA\Spring(durgesh coding)\SetterInjection\src\main\resources
2024-01-05 11:55:28,298 [Worker-37: Building] INFO  o.e.m.c.i.embedder.EclipseLogger - Using 'UTF-8' encoding to copy filtered resources.
2024-01-05 11:55:28,299 [Worker-37: Building] INFO  o.e.m.c.i.embedder.EclipseLogger - skip non existing resourceDirectory D:\JAVA\Spring(durgesh coding)\SetterInjection\src\test\resources
2024-01-05 11:56:28,559 [Worker-41: Building] INFO  o.e.m.c.i.embedder.EclipseLogger - Using 'UTF-8' encoding to copy filtered resources.
2024-01-05 11:56:28,559 [Worker-41: Building] INFO  o.e.m.c.i.embedder.EclipseLogger - skip non existing resourceDirectory D:\JAVA\Spring(durgesh coding)\SetterInjection\src\main\resources
2024-01-05 11:56:28,562 [Worker-41: Building] INFO  o.e.m.c.i.embedder.EclipseLogger - Using 'UTF-8' encoding to copy filtered resources.
2024-01-05 11:56:28,562 [Worker-41: Building] INFO  o.e.m.c.i.embedder.EclipseLogger - skip non existing resourceDirectory D:\JAVA\Spring(durgesh coding)\SetterInjection\src\test\resources
2024-01-05 11:57:08,523 [Worker-41: Building] INFO  o.e.m.c.i.embedder.EclipseLogger - Using 'UTF-8' encoding to copy filtered resources.
2024-01-05 11:57:08,523 [Worker-41: Building] INFO  o.e.m.c.i.embedder.EclipseLogger - skip non existing resourceDirectory D:\JAVA\Spring(durgesh coding)\SetterInjection\src\main\resources
2024-01-05 11:57:08,526 [Worker-41: Building] INFO  o.e.m.c.i.embedder.EclipseLogger - Using 'UTF-8' encoding to copy filtered resources.
2024-01-05 11:57:08,527 [Worker-41: Building] INFO  o.e.m.c.i.embedder.EclipseLogger - skip non existing resourceDirectory D:\JAVA\Spring(durgesh coding)\SetterInjection\src\test\resources
2024-01-05 11:57:35,360 [Worker-39: Building] INFO  o.e.m.c.i.embedder.EclipseLogger - Using 'UTF-8' encoding to copy filtered resources.
2024-01-05 11:57:35,360 [Worker-39: Building] INFO  o.e.m.c.i.embedder.EclipseLogger - skip non existing resourceDirectory D:\JAVA\Spring(durgesh coding)\SetterInjection\src\main\resources
2024-01-05 11:57:35,366 [Worker-39: Building] INFO  o.e.m.c.i.embedder.EclipseLogger - Using 'UTF-8' encoding to copy filtered resources.
2024-01-05 11:57:35,366 [Worker-39: Building] INFO  o.e.m.c.i.embedder.EclipseLogger - skip non existing resourceDirectory D:\JAVA\Spring(durgesh coding)\SetterInjection\src\test\resources
2024-01-05 12:01:12,253 [Worker-42: Building] INFO  o.e.m.c.i.embedder.EclipseLogger - Using 'UTF-8' encoding to copy filtered resources.
2024-01-05 12:01:12,253 [Worker-42: Building] INFO  o.e.m.c.i.embedder.EclipseLogger - skip non existing resourceDirectory D:\JAVA\Spring(durgesh coding)\SetterInjection\src\main\resources
2024-01-05 12:01:12,257 [Worker-42: Building] INFO  o.e.m.c.i.embedder.EclipseLogger - Using 'UTF-8' encoding to copy filtered resources.
2024-01-05 12:01:12,257 [Worker-42: Building] INFO  o.e.m.c.i.embedder.EclipseLogger - skip non existing resourceDirectory D:\JAVA\Spring(durgesh coding)\SetterInjection\src\test\resources
2024-01-05 12:01:30,834 [Worker-44: Building] INFO  o.e.m.c.i.embedder.EclipseLogger - Using 'UTF-8' encoding to copy filtered resources.
2024-01-05 12:01:30,835 [Worker-44: Building] INFO  o.e.m.c.i.embedder.EclipseLogger - skip non existing resourceDirectory D:\JAVA\Spring(durgesh coding)\SetterInjection\src\main\resources
2024-01-05 12:01:30,837 [Worker-44: Building] INFO  o.e.m.c.i.embedder.EclipseLogger - Using 'UTF-8' encoding to copy filtered resources.
2024-01-05 12:01:30,837 [Worker-44: Building] INFO  o.e.m.c.i.embedder.EclipseLogger - skip non existing resourceDirectory D:\JAVA\Spring(durgesh coding)\SetterInjection\src\test\resources
2024-01-05 12:26:46,109 [Worker-43: Building] INFO  o.e.m.c.i.embedder.EclipseLogger - Using 'UTF-8' encoding to copy filtered resources.
2024-01-05 12:26:46,110 [Worker-43: Building] INFO  o.e.m.c.i.embedder.EclipseLogger - skip non existing resourceDirectory D:\JAVA\Spring(durgesh coding)\SetterInjection\src\main\resources
2024-01-05 12:26:46,113 [Worker-43: Building] INFO  o.e.m.c.i.embedder.EclipseLogger - Using 'UTF-8' encoding to copy filtered resources.
2024-01-05 12:26:46,113 [Worker-43: Building] INFO  o.e.m.c.i.embedder.EclipseLogger - skip non existing resourceDirectory D:\JAVA\Spring(durgesh coding)\SetterInjection\src\test\resources
2024-01-05 12:27:04,510 [Worker-46: Building] INFO  o.e.m.c.i.embedder.EclipseLogger - Using 'UTF-8' encoding to copy filtered resources.
2024-01-05 12:27:04,511 [Worker-46: Building] INFO  o.e.m.c.i.embedder.EclipseLogger - skip non existing resourceDirectory D:\JAVA\Spring(durgesh coding)\SetterInjection\src\main\resources
2024-01-05 12:27:04,514 [Worker-46: Building] INFO  o.e.m.c.i.embedder.EclipseLogger - Using 'UTF-8' encoding to copy filtered resources.
2024-01-05 12:27:04,514 [Worker-46: Building] INFO  o.e.m.c.i.embedder.EclipseLogger - skip non existing resourceDirectory D:\JAVA\Spring(durgesh coding)\SetterInjection\src\test\resources
2024-01-05 12:27:16,946 [Worker-47: Building] INFO  o.e.m.c.i.embedder.EclipseLogger - Using 'UTF-8' encoding to copy filtered resources.
2024-01-05 12:27:16,947 [Worker-47: Building] INFO  o.e.m.c.i.embedder.EclipseLogger - skip non existing resourceDirectory D:\JAVA\Spring(durgesh coding)\SetterInjection\src\main\resources
2024-01-05 12:27:16,950 [Worker-47: Building] INFO  o.e.m.c.i.embedder.EclipseLogger - Using 'UTF-8' encoding to copy filtered resources.
2024-01-05 12:27:16,950 [Worker-47: Building] INFO  o.e.m.c.i.embedder.EclipseLogger - skip non existing resourceDirectory D:\JAVA\Spring(durgesh coding)\SetterInjection\src\test\resources
2024-01-05 12:27:31,349 [Worker-44: Building] INFO  o.e.m.c.i.embedder.EclipseLogger - Using 'UTF-8' encoding to copy filtered resources.
2024-01-05 12:27:31,349 [Worker-44: Building] INFO  o.e.m.c.i.embedder.EclipseLogger - skip non existing resourceDirectory D:\JAVA\Spring(durgesh coding)\SetterInjection\src\main\resources
2024-01-05 12:27:31,352 [Worker-44: Building] INFO  o.e.m.c.i.embedder.EclipseLogger - Using 'UTF-8' encoding to copy filtered resources.
2024-01-05 12:27:31,352 [Worker-44: Building] INFO  o.e.m.c.i.embedder.EclipseLogger - skip non existing resourceDirectory D:\JAVA\Spring(durgesh coding)\SetterInjection\src\test\resources
2024-01-05 12:30:53,718 [Worker-47: Building] INFO  o.e.m.c.i.embedder.EclipseLogger - Using 'UTF-8' encoding to copy filtered resources.
2024-01-05 12:30:53,718 [Worker-47: Building] INFO  o.e.m.c.i.embedder.EclipseLogger - skip non existing resourceDirectory D:\JAVA\Spring(durgesh coding)\SetterInjection\src\main\resources
2024-01-05 12:30:53,720 [Worker-47: Building] INFO  o.e.m.c.i.embedder.EclipseLogger - Using 'UTF-8' encoding to copy filtered resources.
2024-01-05 12:30:53,722 [Worker-47: Building] INFO  o.e.m.c.i.embedder.EclipseLogger - skip non existing resourceDirectory D:\JAVA\Spring(durgesh coding)\SetterInjection\src\test\resources
2024-01-05 12:30:58,958 [Worker-45: Building] INFO  o.e.m.c.i.embedder.EclipseLogger - Using 'UTF-8' encoding to copy filtered resources.
2024-01-05 12:30:58,960 [Worker-45: Building] INFO  o.e.m.c.i.embedder.EclipseLogger - skip non existing resourceDirectory D:\JAVA\Spring(durgesh coding)\SetterInjection\src\main\resources
2024-01-05 12:30:58,963 [Worker-45: Building] INFO  o.e.m.c.i.embedder.EclipseLogger - Using 'UTF-8' encoding to copy filtered resources.
2024-01-05 12:30:58,964 [Worker-45: Building] INFO  o.e.m.c.i.embedder.EclipseLogger - skip non existing resourceDirectory D:\JAVA\Spring(durgesh coding)\SetterInjection\src\test\resources
2024-01-05 12:35:39,208 [Worker-48: Building] INFO  o.e.m.c.i.embedder.EclipseLogger - Using 'UTF-8' encoding to copy filtered resources.
2024-01-05 12:35:39,208 [Worker-48: Building] INFO  o.e.m.c.i.embedder.EclipseLogger - skip non existing resourceDirectory D:\JAVA\Spring(durgesh coding)\SetterInjection\src\main\resources
2024-01-05 12:35:39,211 [Worker-48: Building] INFO  o.e.m.c.i.embedder.EclipseLogger - Using 'UTF-8' encoding to copy filtered resources.
2024-01-05 12:35:39,211 [Worker-48: Building] INFO  o.e.m.c.i.embedder.EclipseLogger - skip non existing resourceDirectory D:\JAVA\Spring(durgesh coding)\SetterInjection\src\test\resources
2024-01-05 12:36:11,856 [Worker-44: Building] INFO  o.e.m.c.i.embedder.EclipseLogger - Using 'UTF-8' encoding to copy filtered resources.
2024-01-05 12:36:11,857 [Worker-44: Building] INFO  o.e.m.c.i.embedder.EclipseLogger - skip non existing resourceDirectory D:\JAVA\Spring(durgesh coding)\SetterInjection\src\main\resources
2024-01-05 12:36:11,859 [Worker-44: Building] INFO  o.e.m.c.i.embedder.EclipseLogger - Using 'UTF-8' encoding to copy filtered resources.
2024-01-05 12:36:11,859 [Worker-44: Building] INFO  o.e.m.c.i.embedder.EclipseLogger - skip non existing resourceDirectory D:\JAVA\Spring(durgesh coding)\SetterInjection\src\test\resources
2024-01-05 12:37:17,522 [Worker-48: Building] INFO  o.e.m.c.i.embedder.EclipseLogger - Using 'UTF-8' encoding to copy filtered resources.
2024-01-05 12:37:17,522 [Worker-48: Building] INFO  o.e.m.c.i.embedder.EclipseLogger - skip non existing resourceDirectory D:\JAVA\Spring(durgesh coding)\SetterInjection\src\main\resources
2024-01-05 12:37:17,525 [Worker-48: Building] INFO  o.e.m.c.i.embedder.EclipseLogger - Using 'UTF-8' encoding to copy filtered resources.
2024-01-05 12:37:17,525 [Worker-48: Building] INFO  o.e.m.c.i.embedder.EclipseLogger - skip non existing resourceDirectory D:\JAVA\Spring(durgesh coding)\SetterInjection\src\test\resources
2024-01-05 12:39:45,969 [Worker-46: Building] INFO  o.e.m.c.i.embedder.EclipseLogger - Using 'UTF-8' encoding to copy filtered resources.
2024-01-05 12:39:45,969 [Worker-46: Building] INFO  o.e.m.c.i.embedder.EclipseLogger - skip non existing resourceDirectory D:\JAVA\Spring(durgesh coding)\SetterInjection\src\main\resources
2024-01-05 12:39:45,973 [Worker-46: Building] INFO  o.e.m.c.i.embedder.EclipseLogger - Using 'UTF-8' encoding to copy filtered resources.
2024-01-05 12:39:45,974 [Worker-46: Building] INFO  o.e.m.c.i.embedder.EclipseLogger - skip non existing resourceDirectory D:\JAVA\Spring(durgesh coding)\SetterInjection\src\test\resources
2024-01-05 12:40:38,087 [Worker-43: Building] INFO  o.e.m.c.i.embedder.EclipseLogger - Using 'UTF-8' encoding to copy filtered resources.
2024-01-05 12:40:38,087 [Worker-43: Building] INFO  o.e.m.c.i.embedder.EclipseLogger - skip non existing resourceDirectory D:\JAVA\Spring(durgesh coding)\SetterInjection\src\main\resources
2024-01-05 12:40:38,091 [Worker-43: Building] INFO  o.e.m.c.i.embedder.EclipseLogger - Using 'UTF-8' encoding to copy filtered resources.
2024-01-05 12:40:38,091 [Worker-43: Building] INFO  o.e.m.c.i.embedder.EclipseLogger - skip non existing resourceDirectory D:\JAVA\Spring(durgesh coding)\SetterInjection\src\test\resources
2024-01-05 12:40:45,841 [Worker-46: Building] INFO  o.e.m.c.i.embedder.EclipseLogger - Using 'UTF-8' encoding to copy filtered resources.
2024-01-05 12:40:45,841 [Worker-46: Building] INFO  o.e.m.c.i.embedder.EclipseLogger - skip non existing resourceDirectory D:\JAVA\Spring(durgesh coding)\SetterInjection\src\main\resources
2024-01-05 12:40:45,844 [Worker-46: Building] INFO  o.e.m.c.i.embedder.EclipseLogger - Using 'UTF-8' encoding to copy filtered resources.
2024-01-05 12:40:45,844 [Worker-46: Building] INFO  o.e.m.c.i.embedder.EclipseLogger - skip non existing resourceDirectory D:\JAVA\Spring(durgesh coding)\SetterInjection\src\test\resources
2024-01-05 12:46:07,452 [Worker-49: Building] INFO  o.e.m.c.i.l.LifecycleMappingFactory - Using org.eclipse.m2e.jdt.JarLifecycleMapping lifecycle mapping for MavenProject: com.springcore:SetterInjection:0.0.1-SNAPSHOT @ D:\JAVA\Spring(durgesh coding)\SetterInjection\pom.xml.
2024-01-05 12:46:08,125 [Worker-49: Building] INFO  o.e.m.c.i.embedder.EclipseLogger - Using 'UTF-8' encoding to copy filtered resources.
2024-01-05 12:46:08,125 [Worker-49: Building] INFO  o.e.m.c.i.embedder.EclipseLogger - skip non existing resourceDirectory D:\JAVA\Spring(durgesh coding)\SetterInjection\src\main\resources
2024-01-05 12:46:08,129 [Worker-49: Building] INFO  o.e.m.c.i.embedder.EclipseLogger - Using 'UTF-8' encoding to copy filtered resources.
2024-01-05 12:46:08,129 [Worker-49: Building] INFO  o.e.m.c.i.embedder.EclipseLogger - skip non existing resourceDirectory D:\JAVA\Spring(durgesh coding)\SetterInjection\src\test\resources
2024-01-05 12:46:09,287 [Worker-50: Building] INFO  o.e.m.c.i.embedder.EclipseLogger - Using 'UTF-8' encoding to copy filtered resources.
2024-01-05 12:46:09,287 [Worker-50: Building] INFO  o.e.m.c.i.embedder.EclipseLogger - skip non existing resourceDirectory D:\JAVA\Spring(durgesh coding)\SetterInjection\src\main\resources
2024-01-05 12:46:09,289 [Worker-50: Building] INFO  o.e.m.c.i.embedder.EclipseLogger - Using 'UTF-8' encoding to copy filtered resources.
2024-01-05 12:46:09,290 [Worker-50: Building] INFO  o.e.m.c.i.embedder.EclipseLogger - skip non existing resourceDirectory D:\JAVA\Spring(durgesh coding)\SetterInjection\src\test\resources
2024-01-05 12:47:15,041 [Worker-51: Building] INFO  o.e.m.c.i.embedder.EclipseLogger - Using 'UTF-8' encoding to copy filtered resources.
2024-01-05 12:47:15,041 [Worker-51: Building] INFO  o.e.m.c.i.embedder.EclipseLogger - skip non existing resourceDirectory D:\JAVA\Spring(durgesh coding)\SetterInjection\src\main\resources
2024-01-05 12:47:15,044 [Worker-51: Building] INFO  o.e.m.c.i.embedder.EclipseLogger - Using 'UTF-8' encoding to copy filtered resources.
2024-01-05 12:47:15,044 [Worker-51: Building] INFO  o.e.m.c.i.embedder.EclipseLogger - skip non existing resourceDirectory D:\JAVA\Spring(durgesh coding)\SetterInjection\src\test\resources
2024-01-05 12:47:33,414 [Worker-50: Building] INFO  o.e.m.c.i.embedder.EclipseLogger - Using 'UTF-8' encoding to copy filtered resources.
2024-01-05 12:47:33,414 [Worker-50: Building] INFO  o.e.m.c.i.embedder.EclipseLogger - skip non existing resourceDirectory D:\JAVA\Spring(durgesh coding)\SetterInjection\src\main\resources
2024-01-05 12:47:33,416 [Worker-50: Building] INFO  o.e.m.c.i.embedder.EclipseLogger - Using 'UTF-8' encoding to copy filtered resources.
2024-01-05 12:47:33,417 [Worker-50: Building] INFO  o.e.m.c.i.embedder.EclipseLogger - skip non existing resourceDirectory D:\JAVA\Spring(durgesh coding)\SetterInjection\src\test\resources
2024-01-05 12:47:54,701 [Worker-45: Building] INFO  o.e.m.c.i.embedder.EclipseLogger - Using 'UTF-8' encoding to copy filtered resources.
2024-01-05 12:47:54,701 [Worker-45: Building] INFO  o.e.m.c.i.embedder.EclipseLogger - skip non existing resourceDirectory D:\JAVA\Spring(durgesh coding)\SetterInjection\src\main\resources
2024-01-05 12:47:54,704 [Worker-45: Building] INFO  o.e.m.c.i.embedder.EclipseLogger - Using 'UTF-8' encoding to copy filtered resources.
2024-01-05 12:47:54,704 [Worker-45: Building] INFO  o.e.m.c.i.embedder.EclipseLogger - skip non existing resourceDirectory D:\JAVA\Spring(durgesh coding)\SetterInjection\src\test\resources
2024-01-05 13:09:17,016 [Worker-52: Building] INFO  o.e.m.c.i.embedder.EclipseLogger - Using 'UTF-8' encoding to copy filtered resources.
2024-01-05 13:09:17,016 [Worker-52: Building] INFO  o.e.m.c.i.embedder.EclipseLogger - skip non existing resourceDirectory D:\JAVA\Spring(durgesh coding)\SetterInjection\src\main\resources
2024-01-05 13:09:17,019 [Worker-52: Building] INFO  o.e.m.c.i.embedder.EclipseLogger - Using 'UTF-8' encoding to copy filtered resources.
2024-01-05 13:09:17,020 [Worker-52: Building] INFO  o.e.m.c.i.embedder.EclipseLogger - skip non existing resourceDirectory D:\JAVA\Spring(durgesh coding)\SetterInjection\src\test\resources
2024-01-05 13:09:30,183 [Worker-54: Building] INFO  o.e.m.c.i.embedder.EclipseLogger - Using 'UTF-8' encoding to copy filtered resources.
2024-01-05 13:09:30,183 [Worker-54: Building] INFO  o.e.m.c.i.embedder.EclipseLogger - skip non existing resourceDirectory D:\JAVA\Spring(durgesh coding)\SetterInjection\src\main\resources
2024-01-05 13:09:30,186 [Worker-54: Building] INFO  o.e.m.c.i.embedder.EclipseLogger - Using 'UTF-8' encoding to copy filtered resources.
2024-01-05 13:09:30,188 [Worker-54: Building] INFO  o.e.m.c.i.embedder.EclipseLogger - skip non existing resourceDirectory D:\JAVA\Spring(durgesh coding)\SetterInjection\src\test\resources
2024-01-05 13:11:17,448 [Worker-57: Building] INFO  o.e.m.c.i.embedder.EclipseLogger - Using 'UTF-8' encoding to copy filtered resources.
2024-01-05 13:11:17,449 [Worker-57: Building] INFO  o.e.m.c.i.embedder.EclipseLogger - skip non existing resourceDirectory D:\JAVA\Spring(durgesh coding)\SetterInjection\src\main\resources
2024-01-05 13:11:17,453 [Worker-57: Building] INFO  o.e.m.c.i.embedder.EclipseLogger - Using 'UTF-8' encoding to copy filtered resources.
2024-01-05 13:11:17,453 [Worker-57: Building] INFO  o.e.m.c.i.embedder.EclipseLogger - skip non existing resourceDirectory D:\JAVA\Spring(durgesh coding)\SetterInjection\src\test\resources
2024-01-05 13:12:06,661 [Worker-58: Building] INFO  o.e.m.c.i.embedder.EclipseLogger - Using 'UTF-8' encoding to copy filtered resources.
2024-01-05 13:12:06,662 [Worker-58: Building] INFO  o.e.m.c.i.embedder.EclipseLogger - skip non existing resourceDirectory D:\JAVA\Spring(durgesh coding)\SetterInjection\src\main\resources
2024-01-05 13:12:06,665 [Worker-58: Building] INFO  o.e.m.c.i.embedder.EclipseLogger - Using 'UTF-8' encoding to copy filtered resources.
2024-01-05 13:12:06,665 [Worker-58: Building] INFO  o.e.m.c.i.embedder.EclipseLogger - skip non existing resourceDirectory D:\JAVA\Spring(durgesh coding)\SetterInjection\src\test\resources
2024-01-05 13:12:19,723 [Worker-58: Building] INFO  o.e.m.c.i.embedder.EclipseLogger - Using 'UTF-8' encoding to copy filtered resources.
2024-01-05 13:12:19,723 [Worker-58: Building] INFO  o.e.m.c.i.embedder.EclipseLogger - skip non existing resourceDirectory D:\JAVA\Spring(durgesh coding)\SetterInjection\src\main\resources
2024-01-05 13:12:19,726 [Worker-58: Building] INFO  o.e.m.c.i.embedder.EclipseLogger - Using 'UTF-8' encoding to copy filtered resources.
2024-01-05 13:12:19,727 [Worker-58: Building] INFO  o.e.m.c.i.embedder.EclipseLogger - skip non existing resourceDirectory D:\JAVA\Spring(durgesh coding)\SetterInjection\src\test\resources
2024-01-05 13:13:17,917 [Worker-54: Building] INFO  o.e.m.c.i.embedder.EclipseLogger - Using 'UTF-8' encoding to copy filtered resources.
2024-01-05 13:13:17,917 [Worker-54: Building] INFO  o.e.m.c.i.embedder.EclipseLogger - skip non existing resourceDirectory D:\JAVA\Spring(durgesh coding)\SetterInjection\src\main\resources
2024-01-05 13:13:17,919 [Worker-54: Building] INFO  o.e.m.c.i.embedder.EclipseLogger - Using 'UTF-8' encoding to copy filtered resources.
2024-01-05 13:13:17,919 [Worker-54: Building] INFO  o.e.m.c.i.embedder.EclipseLogger - skip non existing resourceDirectory D:\JAVA\Spring(durgesh coding)\SetterInjection\src\test\resources
2024-01-05 13:15:55,622 [Worker-60: Building] INFO  o.e.m.c.i.embedder.EclipseLogger - Using 'UTF-8' encoding to copy filtered resources.
2024-01-05 13:15:55,623 [Worker-60: Building] INFO  o.e.m.c.i.embedder.EclipseLogger - skip non existing resourceDirectory D:\JAVA\Spring(durgesh coding)\SetterInjection\src\main\resources
2024-01-05 13:15:55,624 [Worker-60: Building] INFO  o.e.m.c.i.embedder.EclipseLogger - Using 'UTF-8' encoding to copy filtered resources.
2024-01-05 13:15:55,624 [Worker-60: Building] INFO  o.e.m.c.i.embedder.EclipseLogger - skip non existing resourceDirectory D:\JAVA\Spring(durgesh coding)\SetterInjection\src\test\resources
2024-01-05 13:16:05,164 [Worker-61: Building] INFO  o.e.m.c.i.embedder.EclipseLogger - Using 'UTF-8' encoding to copy filtered resources.
2024-01-05 13:16:05,164 [Worker-61: Building] INFO  o.e.m.c.i.embedder.EclipseLogger - skip non existing resourceDirectory D:\JAVA\Spring(durgesh coding)\SetterInjection\src\main\resources
2024-01-05 13:16:05,166 [Worker-61: Building] INFO  o.e.m.c.i.embedder.EclipseLogger - Using 'UTF-8' encoding to copy filtered resources.
2024-01-05 13:16:05,166 [Worker-61: Building] INFO  o.e.m.c.i.embedder.EclipseLogger - skip non existing resourceDirectory D:\JAVA\Spring(durgesh coding)\SetterInjection\src\test\resources
2024-01-05 13:17:44,921 [Worker-63: Building] INFO  o.e.m.c.i.embedder.EclipseLogger - Using 'UTF-8' encoding to copy filtered resources.
2024-01-05 13:17:44,922 [Worker-63: Building] INFO  o.e.m.c.i.embedder.EclipseLogger - skip non existing resourceDirectory D:\JAVA\Spring(durgesh coding)\SetterInjection\src\main\resources
2024-01-05 13:17:44,923 [Worker-63: Building] INFO  o.e.m.c.i.embedder.EclipseLogger - Using 'UTF-8' encoding to copy filtered resources.
2024-01-05 13:17:44,923 [Worker-63: Building] INFO  o.e.m.c.i.embedder.EclipseLogger - skip non existing resourceDirectory D:\JAVA\Spring(durgesh coding)\SetterInjection\src\test\resources
2024-01-05 15:50:45,898 [Worker-0: Loading available Gradle versions] INFO  o.e.b.c.i.u.g.PublishedGradleVersions - Gradle version information cache is up-to-date. Trying to read.
